producer_class	xtools.gsea.Gsea
producer_timestamp	1542672615674
param	collapse	false
param	cls	C:\Users\jwei\Desktop\GSEA_group.cls#FK_versus_HN
param	plot_top_x	20
param	norm	meandiv
param	save_rnd_lists	false
param	median	false
param	num	100
param	scoring_scheme	weighted
param	make_sets	true
param	mode	Max_probe
param	gmx	gseaftp.broadinstitute.org://pub/gsea/gene_sets_final/c2.cp.kegg.v6.2.symbols.gmt
param	gui	false
param	metric	Signal2Noise
param	rpt_label	my_analysis
param	help	false
param	order	descending
param	out	C:\Users\jwei\Desktop\GSEA_result
param	create_svgs	false
param	permute	phenotype
param	rnd_type	no_balance
param	set_min	15
param	include_only_symbols	true
param	sort	real
param	create_gcts	false
param	rnd_seed	timestamp
param	nperm	1000
param	zip_report	false
param	set_max	500
param	res	C:\Users\jwei\Desktop\GSEA_expression.gct

file	C:\Users\jwei\Desktop\GSEA_result\my_analysis.Gsea.1542672615674\index.html
